<?xml version="1.0" encoding="UTF-8"?>
<!-- Generated by org.testng.reporters.JUnitReportReporter -->
<testsuite hostname="DESKTOP-1K2R8G9" failures="0" tests="3" name="webdriver.Topic_01_Check_Enviroment" time="0.096" errors="0" timestamp="03 Mar 2023 16:02:03 GMT" skipped="0">
  <testcase classname="webdriver.Topic_01_Check_Enviroment" name="TC_01_Url" time="0.008"/>
  <testcase classname="webdriver.Topic_01_Check_Enviroment" name="TC_03_Form" time="0.030"/>
  <testcase classname="webdriver.Topic_01_Check_Enviroment" name="TC_02_Logo" time="0.058"/>
</testsuite> <!-- webdriver.Topic_01_Check_Enviroment -->
